# JRE version: Java(TM) SE Runtime Environment (15.0.1+9) (build 15.0.1+9-18)
# Java VM: Java HotSpot(TM) 64-Bit Server VM (15.0.1+9-18, mixed mode, sharing, tiered, compressed oops, g1 gc, windows-amd64)
GC Precious Log:
 CPUs: 4 total, 4 available
 Memory: 16328M
 Large Page Support: Disabled
 NUMA Support: Disabled
 Compressed Oops: Enabled (Zero based)
 Heap Region Size: 2M
 Heap Min Capacity: 8M
 Heap Initial Capacity: 256M
 Heap Max Capacity: 4084M
 Pre-touch: Disabled
 Parallel Workers: 4
 Concurrent Workers: 1
 Concurrent Refinement Workers: 4
 Periodic GC: Disabled
Heap:
 garbage-first heap   total 262144K, used 55568K [0x0000000700c00000, 0x0000000800000000)
  region size 2048K, 2 young (4096K), 2 survivors (4096K)
 Metaspace       used 17692K, capacity 17918K, committed 18048K, reserved 1073152K
  class space    used 1987K, capacity 2080K, committed 2176K, reserved 1048576K
GC Heap History (8 events):
Event: 0.436 GC heap before
{Heap before GC invocations=0 (full 0):
 garbage-first heap   total 262144K, used 10240K [0x0000000700c00000, 0x0000000800000000)
  region size 2048K, 6 young (12288K), 0 survivors (0K)
 Metaspace       used 7229K, capacity 7468K, committed 7552K, reserved 1056768K
  class space    used 764K, capacity 840K, committed 896K, reserved 1048576K
}
Event: 0.440 GC heap after
{Heap after GC invocations=1 (full 0):
 garbage-first heap   total 262144K, used 2301K [0x0000000700c00000, 0x0000000800000000)
  region size 2048K, 1 young (2048K), 1 survivors (2048K)
 Metaspace       used 7229K, capacity 7468K, committed 7552K, reserved 1056768K
  class space    used 764K, capacity 840K, committed 896K, reserved 1048576K
}
Event: 0.812 GC heap before
{Heap before GC invocations=1 (full 0):
 garbage-first heap   total 262144K, used 14589K [0x0000000700c00000, 0x0000000800000000)
  region size 2048K, 8 young (16384K), 1 survivors (2048K)
 Metaspace       used 16501K, capacity 16795K, committed 16896K, reserved 1064960K
  class space    used 1880K, capacity 1983K, committed 2048K, reserved 1048576K
}
Event: 0.817 GC heap after
{Heap after GC invocations=2 (full 0):
 garbage-first heap   total 262144K, used 5701K [0x0000000700c00000, 0x0000000800000000)
  region size 2048K, 1 young (2048K), 1 survivors (2048K)
 Metaspace       used 16501K, capacity 16795K, committed 16896K, reserved 1064960K
  class space    used 1880K, capacity 1983K, committed 2048K, reserved 1048576K
}
Event: 0.977 GC heap before
{Heap before GC invocations=2 (full 0):
 garbage-first heap   total 262144K, used 71237K [0x0000000700c00000, 0x0000000800000000)
  region size 2048K, 11 young (22528K), 1 survivors (2048K)
 Metaspace       used 16697K, capacity 16923K, committed 17152K, reserved 1064960K
  class space    used 1891K, capacity 1983K, committed 2048K, reserved 1048576K
}
Event: 0.979 GC heap after
{Heap after GC invocations=3 (full 0):
 garbage-first heap   total 262144K, used 53272K [0x0000000700c00000, 0x0000000800000000)
  region size 2048K, 2 young (4096K), 2 survivors (4096K)
 Metaspace       used 16697K, capacity 16923K, committed 17152K, reserved 1064960K
  class space    used 1891K, capacity 1983K, committed 2048K, reserved 1048576K
}
Event: 1898.304 GC heap before
{Heap before GC invocations=3 (full 0):
 garbage-first heap   total 262144K, used 88088K [0x0000000700c00000, 0x0000000800000000)
  region size 2048K, 19 young (38912K), 2 survivors (4096K)
 Metaspace       used 17692K, capacity 17918K, committed 18048K, reserved 1071104K
  class space    used 1987K, capacity 2080K, committed 2176K, reserved 1048576K
}
Event: 1898.306 GC heap after
{Heap after GC invocations=4 (full 0):
 garbage-first heap   total 262144K, used 55568K [0x0000000700c00000, 0x0000000800000000)
  region size 2048K, 2 young (4096K), 2 survivors (4096K)
 Metaspace       used 17692K, capacity 17918K, committed 18048K, reserved 1071104K
  class space    used 1987K, capacity 2080K, committed 2176K, reserved 1048576K
}

